imports loaded successfully
routes.py loaded
 * Serving Flask app 'app'
 * Debug mode: off
=== 进入平移接口，开始参数校验 ===
=== 进入平移接口，开始参数校验 ===
=== 进入平移接口，开始参数校验 ===
开始平移: 从 (0.0, 0.0, 0.0) 移动到 (0.5, 0.0, 0.0), 耗时 0.5 秒
当前坐标系: joint
平移完成! 最终位置: (0.49, 0.0, 0.0)
开始旋转：从 0.0 度旋转到 45.0 度，耗时 0.5 秒
当前坐标系: joint
旋转完成！最终角度：44.1 度
=== 进入平移接口，开始参数校验 ===
开始平移: 从 (0.49, 0.0, 0.0) 移动到 (0.99, 0.0, 0.0), 耗时 1.0 秒
当前坐标系: joint
平移完成! 最终位置: (0.98, 0.0, 0.0)
开始旋转：从 44.1 度旋转到 89.1 度，耗时 1.0 秒
当前坐标系: joint
旋转完成！最终角度：88.2 度
=== 进入平移接口，开始参数校验 ===
开始平移: 从 (0.98, 0.0, 0.0) 移动到 (0.98, 0.3, 0.0), 耗时 1.0 秒
当前坐标系: joint
平移完成! 最终位置: (0.98, 0.294, 0.0)
开始旋转：从 88.2 度旋转到 43.2 度，耗时 1.0 秒
当前坐标系: joint
旋转完成！最终角度：44.1 度
=== 进入平移接口，开始参数校验 ===
=== 进入平移接口，开始参数校验 ===
=== 进入平移接口，开始参数校验 ===
开始平移: 从 (0.98, 0.294, 0.0) 移动到 (1.48, 0.294, 0.0), 耗时 0.5 秒
当前坐标系: joint
平移完成! 最终位置: (1.47, 0.294, 0.0)
开始旋转：从 44.1 度旋转到 89.1 度，耗时 0.5 秒
当前坐标系: joint
旋转完成！最终角度：88.2 度
=== 进入平移接口，开始参数校验 ===
开始平移: 从 (1.47, 0.294, 0.0) 移动到 (1.97, 0.294, 0.0), 耗时 1.0 秒
当前坐标系: joint
平移完成! 最终位置: (1.96, 0.294, 0.0)
开始旋转：从 88.2 度旋转到 133.2 度，耗时 1.0 秒
当前坐标系: joint
旋转完成！最终角度：132.3 度
=== 进入平移接口，开始参数校验 ===
开始平移: 从 (1.96, 0.294, 0.0) 移动到 (1.96, 0.594, 0.0), 耗时 1.0 秒
当前坐标系: joint
平移完成! 最终位置: (1.96, 0.588, 0.0)
开始旋转：从 132.3 度旋转到 87.3 度，耗时 1.0 秒
当前坐标系: joint
旋转完成！最终角度：88.2 度
=== 进入平移接口，开始参数校验 ===
=== 进入平移接口，开始参数校验 ===
=== 进入平移接口，开始参数校验 ===
开始平移: 从 (1.96, 0.588, 0.0) 移动到 (2.46, 0.588, 0.0), 耗时 0.5 秒
当前坐标系: joint
平移完成! 最终位置: (2.45, 0.588, 0.0)
开始旋转：从 88.2 度旋转到 133.2 度，耗时 0.5 秒
当前坐标系: joint
旋转完成！最终角度：132.3 度
=== 进入平移接口，开始参数校验 ===
开始平移: 从 (2.45, 0.588, 0.0) 移动到 (2.95, 0.588, 0.0), 耗时 1.0 秒
当前坐标系: joint
平移完成! 最终位置: (2.9400000000000004, 0.588, 0.0)
开始旋转：从 132.3 度旋转到 177.3 度，耗时 1.0 秒
当前坐标系: joint
旋转完成！最终角度：176.4 度
=== 进入平移接口，开始参数校验 ===
开始平移: 从 (2.9400000000000004, 0.588, 0.0) 移动到 (2.9400000000000004, 0.8879999999999999, 0.0), 耗时 1.0 秒
当前坐标系: joint
平移完成! 最终位置: (2.9400000000000004, 0.8819999999999999, 0.0)
开始旋转：从 176.4 度旋转到 131.4 度，耗时 1.0 秒
当前坐标系: joint
旋转完成！最终角度：132.3 度
